0 info it worked if it ends with ok
1 verbose cli [ 'node', '/usr/local/bin/npm', 'install', 'gulp-move' ]
2 info using npm@1.4.23
3 info using node@v0.10.31
4 verbose cache add [ 'gulp-move', null ]
5 verbose cache add name=undefined spec="gulp-move" args=["gulp-move",null]
6 verbose parsed url { protocol: null,
6 verbose parsed url   slashes: null,
6 verbose parsed url   auth: null,
6 verbose parsed url   host: null,
6 verbose parsed url   port: null,
6 verbose parsed url   hostname: null,
6 verbose parsed url   hash: null,
6 verbose parsed url   search: null,
6 verbose parsed url   query: null,
6 verbose parsed url   pathname: 'gulp-move',
6 verbose parsed url   path: 'gulp-move',
6 verbose parsed url   href: 'gulp-move' }
7 silly lockFile adaf5a12-gulp-move gulp-move
8 verbose lock gulp-move /Users/jaredcunha/.npm/adaf5a12-gulp-move.lock
9 silly lockFile adaf5a12-gulp-move gulp-move
10 silly lockFile adaf5a12-gulp-move gulp-move
11 verbose addNamed [ 'gulp-move', '' ]
12 verbose addNamed [ null, '*' ]
13 silly lockFile ec7a89ba-gulp-move gulp-move@
14 verbose lock gulp-move@ /Users/jaredcunha/.npm/ec7a89ba-gulp-move.lock
15 silly addNameRange { name: 'gulp-move', range: '*', hasData: false }
16 verbose request where is /gulp-move
17 verbose request registry https://registry.npmjs.org/
18 verbose request id 91dfe5283023e6ce
19 verbose url raw /gulp-move
20 verbose url resolving [ 'https://registry.npmjs.org/', './gulp-move' ]
21 verbose url resolved https://registry.npmjs.org/gulp-move
22 verbose request where is https://registry.npmjs.org/gulp-move
23 info trying registry request attempt 1 at 20:43:17
24 http GET https://registry.npmjs.org/gulp-move
25 http 404 https://registry.npmjs.org/gulp-move
26 verbose headers { date: 'Sat, 24 Jan 2015 01:43:17 GMT',
26 verbose headers   server: 'CouchDB/1.5.0 (Erlang OTP/R16B03)',
26 verbose headers   'content-type': 'application/json',
26 verbose headers   'cache-control': 'max-age=0',
26 verbose headers   'content-length': '52',
26 verbose headers   'accept-ranges': 'bytes',
26 verbose headers   via: '1.1 varnish',
26 verbose headers   age: '0',
26 verbose headers   'x-served-by': 'cache-atl6221-ATL',
26 verbose headers   'x-cache': 'MISS',
26 verbose headers   'x-cache-hits': '0',
26 verbose headers   'x-timer': 'S1422063797.215422,VS0,VE107',
26 verbose headers   'keep-alive': 'timeout=10, max=50',
26 verbose headers   connection: 'Keep-Alive' }
27 silly registry.get cb [ 404,
27 silly registry.get   { date: 'Sat, 24 Jan 2015 01:43:17 GMT',
27 silly registry.get     server: 'CouchDB/1.5.0 (Erlang OTP/R16B03)',
27 silly registry.get     'content-type': 'application/json',
27 silly registry.get     'cache-control': 'max-age=0',
27 silly registry.get     'content-length': '52',
27 silly registry.get     'accept-ranges': 'bytes',
27 silly registry.get     via: '1.1 varnish',
27 silly registry.get     age: '0',
27 silly registry.get     'x-served-by': 'cache-atl6221-ATL',
27 silly registry.get     'x-cache': 'MISS',
27 silly registry.get     'x-cache-hits': '0',
27 silly registry.get     'x-timer': 'S1422063797.215422,VS0,VE107',
27 silly registry.get     'keep-alive': 'timeout=10, max=50',
27 silly registry.get     connection: 'Keep-Alive' } ]
28 silly lockFile ec7a89ba-gulp-move gulp-move@
29 silly lockFile ec7a89ba-gulp-move gulp-move@
30 error 404 404 Not Found: gulp-move
30 error 404
30 error 404 'gulp-move' is not in the npm registry.
30 error 404 You should bug the author to publish it
30 error 404
30 error 404 Note that you can also install from a
30 error 404 tarball, folder, or http url, or git url.
31 error System Darwin 13.4.0
32 error command "node" "/usr/local/bin/npm" "install" "gulp-move"
33 error cwd /Users/jaredcunha/work/personal/jared-cunha-dotcom
34 error node -v v0.10.31
35 error npm -v 1.4.23
36 error code E404
37 verbose exit [ 1, true ]
